  main.cpp
<<<<<<< HEAD
C:\car\Project1\Project1\main.cpp(179,4): warning C4065: switch statement contains 'default' but no 'case' labels
C:\car\Project1\Project1\main.cpp(283,9): warning C4101: 'c': unreferenced local variable
C:\car\Project1\Project1\main.cpp(438,21): warning C4244: '=': conversion from 'float' to 'int', possible loss of data
C:\car\Project1\Project1\main.cpp(439,21): warning C4244: '=': conversion from 'float' to 'int', possible loss of data
C:\car\Project1\Project1\main.cpp(440,19): warning C4244: '=': conversion from 'float' to 'int', possible loss of data
C:\car\Project1\Project1\main.cpp(917,4): warning C4065: switch statement contains 'default' but no 'case' labels
  Project1.vcxproj -> C:\car\Project1\x64\Debug\Project1.exe
=======
<<<<<<< HEAD
C:\Users\efi\Desktop\Software Engineering\2nd year\git\car\Project1\main.cpp(179,4): warning C4065: switch statement contains 'default' but no 'case' labels
C:\Users\efi\Desktop\Software Engineering\2nd year\git\car\Project1\main.cpp(249,6): warning C4101: 'row': unreferenced local variable
C:\Users\efi\Desktop\Software Engineering\2nd year\git\car\Project1\main.cpp(249,19): warning C4101: 'c': unreferenced local variable
C:\Users\efi\Desktop\Software Engineering\2nd year\git\car\Project1\main.cpp(249,11): warning C4101: 'col': unreferenced local variable
C:\Users\efi\Desktop\Software Engineering\2nd year\git\car\Project1\main.cpp(266,6): warning C4101: 'row': unreferenced local variable
C:\Users\efi\Desktop\Software Engineering\2nd year\git\car\Project1\main.cpp(266,19): warning C4101: 'c': unreferenced local variable
C:\Users\efi\Desktop\Software Engineering\2nd year\git\car\Project1\main.cpp(266,11): warning C4101: 'col': unreferenced local variable
C:\Users\efi\Desktop\Software Engineering\2nd year\git\car\Project1\main.cpp(283,6): warning C4101: 'row': unreferenced local variable
C:\Users\efi\Desktop\Software Engineering\2nd year\git\car\Project1\main.cpp(283,19): warning C4101: 'c': unreferenced local variable
C:\Users\efi\Desktop\Software Engineering\2nd year\git\car\Project1\main.cpp(283,11): warning C4101: 'col': unreferenced local variable
C:\Users\efi\Desktop\Software Engineering\2nd year\git\car\Project1\main.cpp(301,6): warning C4101: 'row': unreferenced local variable
C:\Users\efi\Desktop\Software Engineering\2nd year\git\car\Project1\main.cpp(301,19): warning C4101: 'c': unreferenced local variable
C:\Users\efi\Desktop\Software Engineering\2nd year\git\car\Project1\main.cpp(301,11): warning C4101: 'col': unreferenced local variable
C:\Users\efi\Desktop\Software Engineering\2nd year\git\car\Project1\main.cpp(438,21): warning C4244: '=': conversion from 'float' to 'int', possible loss of data
C:\Users\efi\Desktop\Software Engineering\2nd year\git\car\Project1\main.cpp(439,21): warning C4244: '=': conversion from 'float' to 'int', possible loss of data
C:\Users\efi\Desktop\Software Engineering\2nd year\git\car\Project1\main.cpp(440,19): warning C4244: '=': conversion from 'float' to 'int', possible loss of data
C:\Users\efi\Desktop\Software Engineering\2nd year\git\car\Project1\main.cpp(917,4): warning C4065: switch statement contains 'default' but no 'case' labels
  Project1.vcxproj -> C:\Users\efi\Desktop\Software Engineering\2nd year\git\car\x64\Debug\Project1.exe
=======
c:\users\pc\desktop\gitproject\carrent\project1\main.cpp(179): warning C4065: switch statement contains 'default' but no 'case' labels
c:\users\pc\desktop\gitproject\carrent\project1\main.cpp(249): warning C4101: 'row': unreferenced local variable
c:\users\pc\desktop\gitproject\carrent\project1\main.cpp(249): warning C4101: 'c': unreferenced local variable
c:\users\pc\desktop\gitproject\carrent\project1\main.cpp(249): warning C4101: 'col': unreferenced local variable
c:\users\pc\desktop\gitproject\carrent\project1\main.cpp(266): warning C4101: 'row': unreferenced local variable
c:\users\pc\desktop\gitproject\carrent\project1\main.cpp(266): warning C4101: 'c': unreferenced local variable
c:\users\pc\desktop\gitproject\carrent\project1\main.cpp(266): warning C4101: 'col': unreferenced local variable
c:\users\pc\desktop\gitproject\carrent\project1\main.cpp(283): warning C4101: 'row': unreferenced local variable
c:\users\pc\desktop\gitproject\carrent\project1\main.cpp(283): warning C4101: 'c': unreferenced local variable
c:\users\pc\desktop\gitproject\carrent\project1\main.cpp(283): warning C4101: 'col': unreferenced local variable
c:\users\pc\desktop\gitproject\carrent\project1\main.cpp(301): warning C4101: 'row': unreferenced local variable
c:\users\pc\desktop\gitproject\carrent\project1\main.cpp(301): warning C4101: 'c': unreferenced local variable
c:\users\pc\desktop\gitproject\carrent\project1\main.cpp(301): warning C4101: 'col': unreferenced local variable
c:\users\pc\desktop\gitproject\carrent\project1\main.cpp(438): warning C4244: '=': conversion from 'float' to 'int', possible loss of data
c:\users\pc\desktop\gitproject\carrent\project1\main.cpp(439): warning C4244: '=': conversion from 'float' to 'int', possible loss of data
c:\users\pc\desktop\gitproject\carrent\project1\main.cpp(440): warning C4244: '=': conversion from 'float' to 'int', possible loss of data
c:\users\pc\desktop\gitproject\carrent\project1\main.cpp(917): warning C4065: switch statement contains 'default' but no 'case' labels
  Project1.vcxproj -> C:\Users\pc\Desktop\gitProject\carRent\x64\Debug\Project1.exe
>>>>>>> 2ee696c10fc60396ca1c6abff67e650cd9b702a0
>>>>>>> e9b6bd0f55fae1ac100c94e562ed65b746cdc36e
